<?xml version="1.0" encoding="UTF-8"?>
<!-- Generated by org.testng.reporters.JUnitReportReporter -->
<testsuite hostname="LAPTOP-1IUE2TDC" failures="0" tests="1" name="DataDriven.ReadRuntimeMavenParameterTest" time="0.000" errors="0" timestamp="2024-04-25T23:21:49 IST" skipped="0">
  <testcase classname="DataDriven.ReadRuntimeMavenParameterTest" name="runtimeParameterTest" time="0.000"/>
  <system-out/>
</testsuite> <!-- DataDriven.ReadRuntimeMavenParameterTest -->
