<?xml version="1.0" encoding="UTF-8"?>
<!-- Generated by org.testng.reporters.JUnitReportReporter -->
<testsuite hostname="LAPTOP-1IUE2TDC" failures="0" tests="1" name="DataDriven.ReadRuntimeMaven" time="16.795" errors="0" timestamp="2024-04-26T10:59:36 IST" skipped="0">
  <testcase classname="DataDriven.ReadRuntimeMaven" name="createOrgtest" time="16.795"/>
  <system-out/>
</testsuite> <!-- DataDriven.ReadRuntimeMaven -->
