<?xml version="1.0" encoding="UTF-8"?>
<!-- Generated by org.testng.reporters.JUnitReportReporter -->
<testsuite hostname="LAPTOP-1IUE2TDC" failures="0" tests="1" name="DataDriven.CreateOrgTestXML" time="17.269" errors="0" timestamp="2024-04-27T11:15:29 IST" skipped="0">
  <testcase classname="DataDriven.CreateOrgTestXML" name="createOrgTest" time="17.269"/>
  <system-out/>
</testsuite> <!-- DataDriven.CreateOrgTestXML -->
